cl : Command line warning D9035: option 'Gm' has been deprecated and will be removed in a future release
  Rafx2PluginBase.cpp
  Rafx2Plugin.cpp
c:\plugin projects\synth uno\pluginobjects\fxobjects.h(333): warning C4244: '=': conversion from 'double' to 'float', possible loss of data
c:\plugin projects\synth uno\pluginobjects\fxobjects.h(650): warning C4244: '=': conversion from 'double' to 'int', possible loss of data
c:\plugin projects\synth uno\pluginobjects\fxobjects.h(651): warning C4244: '=': conversion from 'double' to 'int', possible loss of data
c:\plugin projects\synth uno\pluginobjects\fxobjects.h(742): warning C4018: '<=': signed/unsigned mismatch
c:\plugin projects\synth uno\pluginobjects\fxobjects.h(744): warning C4018: '>': signed/unsigned mismatch
c:\plugin projects\synth uno\pluginobjects\fxobjects.h(744): warning C4018: '<': signed/unsigned mismatch
c:\plugin projects\synth uno\pluginobjects\fxobjects.h(757): warning C4018: '>=': signed/unsigned mismatch
c:\plugin projects\synth uno\pluginobjects\fxobjects.h(759): warning C4018: '>': signed/unsigned mismatch
c:\plugin projects\synth uno\pluginobjects\fxobjects.h(759): warning C4018: '<': signed/unsigned mismatch
c:\plugin projects\synth uno\pluginobjects\fxobjects.h(772): warning C4018: '>=': signed/unsigned mismatch
c:\plugin projects\synth uno\pluginobjects\fxobjects.h(772): warning C4018: '<=': signed/unsigned mismatch
c:\plugin projects\synth uno\pluginobjects\fxobjects.h(774): warning C4018: '>': signed/unsigned mismatch
c:\plugin projects\synth uno\pluginobjects\fxobjects.h(774): warning C4018: '<': signed/unsigned mismatch
c:\plugin projects\synth uno\pluginobjects\fxobjects.h(776): warning C4018: '>': signed/unsigned mismatch
c:\plugin projects\synth uno\pluginobjects\fxobjects.h(776): warning C4018: '<': signed/unsigned mismatch
c:\plugin projects\synth uno\pluginobjects\fxobjects.h(1089): warning C4018: '<': signed/unsigned mismatch
c:\plugin projects\synth uno\pluginobjects\fxobjects.h(1111): warning C4018: '>=': signed/unsigned mismatch
c:\plugin projects\synth uno\pluginobjects\fxobjects.h(1131): warning C4018: '>=': signed/unsigned mismatch
c:\plugin projects\synth uno\pluginobjects\fxobjects.h(2789): warning C4244: '=': conversion from 'double' to 'float', possible loss of data
c:\plugin projects\synth uno\pluginobjects\fxobjects.h(2840): warning C4244: '=': conversion from 'double' to 'float', possible loss of data
c:\plugin projects\synth uno\pluginobjects\fxobjects.h(2843): warning C4244: '=': conversion from 'double' to 'float', possible loss of data
c:\plugin projects\synth uno\pluginobjects\fxobjects.h(2996): warning C4244: 'argument': conversion from 'time_t' to 'unsigned int', possible loss of data
c:\plugin projects\synth uno\pluginobjects\fxobjects.h(3354): warning C4244: 'initializing': conversion from 'double' to 'float', possible loss of data
c:\plugin projects\synth uno\pluginobjects\fxobjects.h(4891): warning C4244: '=': conversion from 'double' to 'float', possible loss of data
c:\plugin projects\synth uno\pluginobjects\fxobjects.h(4894): warning C4244: '=': conversion from 'double' to 'float', possible loss of data
c:\plugin projects\synth uno\pluginobjects\fxobjects.h(4895): warning C4244: '=': conversion from 'double' to 'float', possible loss of data
c:\plugin projects\synth uno\pluginobjects\fxobjects.h(8713): warning C4018: '<': signed/unsigned mismatch
c:\plugin projects\synth uno\pluginobjects\fxobjects.h(8717): warning C4018: '<=': signed/unsigned mismatch
c:\plugin projects\synth uno\pluginobjects\synthdefs.h(117): warning C4244: 'initializing': conversion from 'double' to 'float', possible loss of data
c:\plugin projects\synth uno\pluginobjects\synthdefs.h(353): warning C4244: '=': conversion from 'double' to 'unsigned int', possible loss of data
c:\plugin projects\synth uno\pluginobjects\synthdefs.h(354): warning C4244: '=': conversion from 'double' to 'unsigned int', possible loss of data
c:\plugin projects\synth uno\pluginobjects\synthdefs.h(365): warning C4244: '=': conversion from 'double' to 'unsigned int', possible loss of data
c:\plugin projects\synth uno\pluginobjects\synthdefs.h(366): warning C4244: '=': conversion from 'double' to 'unsigned int', possible loss of data
c:\plugin projects\synth uno\pluginobjects\synthdefs.h(377): warning C4244: '=': conversion from 'double' to 'int', possible loss of data
c:\plugin projects\synth uno\pluginobjects\synthdefs.h(378): warning C4244: '=': conversion from 'double' to 'int', possible loss of data
c:\plugin projects\synth uno\pluginobjects\synthdefs.h(407): warning C4244: '=': conversion from 'double' to 'int', possible loss of data
c:\plugin projects\synth uno\pluginobjects\synthdefs.h(408): warning C4244: '=': conversion from 'double' to 'int', possible loss of data
c:\plugin projects\synth uno\pluginobjects\synthdefs.h(427): warning C4244: '=': conversion from 'double' to 'unsigned int', possible loss of data
c:\plugin projects\synth uno\pluginobjects\synthdefs.h(428): warning C4244: '=': conversion from 'double' to 'unsigned int', possible loss of data
c:\plugin projects\synth uno\pluginobjects\synthdefs.h(469): warning C4244: '=': conversion from 'double' to 'unsigned int', possible loss of data
c:\plugin projects\synth uno\pluginobjects\synthdefs.h(470): warning C4244: '=': conversion from 'double' to 'unsigned int', possible loss of data
c:\plugin projects\synth uno\pluginobjects\synthdefs.h(867): warning C4244: '=': conversion from 'double' to 'uint32_t', possible loss of data
c:\plugin projects\synth uno\pluginobjects\synthdefs.h(875): warning C4244: '=': conversion from 'double' to 'uint32_t', possible loss of data
c:\plugin projects\synth uno\pluginobjects\wavetableoscillator.h(142): warning C4018: '>': signed/unsigned mismatch
c:\plugin projects\synth uno\pluginobjects\synthlfo.h(55): warning C4244: 'argument': conversion from 'time_t' to 'unsigned int', possible loss of data
c:\plugin projects\synth uno\pluginobjects\dca_eg.h(110): warning C4114: same type qualifier used more than once
  RackAFXDLL.cpp
c:\plugin projects\synth uno\pluginobjects\fxobjects.h(333): warning C4244: '=': conversion from 'double' to 'float', possible loss of data
c:\plugin projects\synth uno\pluginobjects\fxobjects.h(650): warning C4244: '=': conversion from 'double' to 'int', possible loss of data
c:\plugin projects\synth uno\pluginobjects\fxobjects.h(651): warning C4244: '=': conversion from 'double' to 'int', possible loss of data
c:\plugin projects\synth uno\pluginobjects\fxobjects.h(742): warning C4018: '<=': signed/unsigned mismatch
c:\plugin projects\synth uno\pluginobjects\fxobjects.h(744): warning C4018: '>': signed/unsigned mismatch
c:\plugin projects\synth uno\pluginobjects\fxobjects.h(744): warning C4018: '<': signed/unsigned mismatch
c:\plugin projects\synth uno\pluginobjects\fxobjects.h(757): warning C4018: '>=': signed/unsigned mismatch
c:\plugin projects\synth uno\pluginobjects\fxobjects.h(759): warning C4018: '>': signed/unsigned mismatch
c:\plugin projects\synth uno\pluginobjects\fxobjects.h(759): warning C4018: '<': signed/unsigned mismatch
c:\plugin projects\synth uno\pluginobjects\fxobjects.h(772): warning C4018: '>=': signed/unsigned mismatch
c:\plugin projects\synth uno\pluginobjects\fxobjects.h(772): warning C4018: '<=': signed/unsigned mismatch
c:\plugin projects\synth uno\pluginobjects\fxobjects.h(774): warning C4018: '>': signed/unsigned mismatch
c:\plugin projects\synth uno\pluginobjects\fxobjects.h(774): warning C4018: '<': signed/unsigned mismatch
c:\plugin projects\synth uno\pluginobjects\fxobjects.h(776): warning C4018: '>': signed/unsigned mismatch
c:\plugin projects\synth uno\pluginobjects\fxobjects.h(776): warning C4018: '<': signed/unsigned mismatch
c:\plugin projects\synth uno\pluginobjects\fxobjects.h(1089): warning C4018: '<': signed/unsigned mismatch
c:\plugin projects\synth uno\pluginobjects\fxobjects.h(1111): warning C4018: '>=': signed/unsigned mismatch
c:\plugin projects\synth uno\pluginobjects\fxobjects.h(1131): warning C4018: '>=': signed/unsigned mismatch
c:\plugin projects\synth uno\pluginobjects\fxobjects.h(2789): warning C4244: '=': conversion from 'double' to 'float', possible loss of data
c:\plugin projects\synth uno\pluginobjects\fxobjects.h(2840): warning C4244: '=': conversion from 'double' to 'float', possible loss of data
c:\plugin projects\synth uno\pluginobjects\fxobjects.h(2843): warning C4244: '=': conversion from 'double' to 'float', possible loss of data
c:\plugin projects\synth uno\pluginobjects\fxobjects.h(2996): warning C4244: 'argument': conversion from 'time_t' to 'unsigned int', possible loss of data
c:\plugin projects\synth uno\pluginobjects\fxobjects.h(3354): warning C4244: 'initializing': conversion from 'double' to 'float', possible loss of data
c:\plugin projects\synth uno\pluginobjects\fxobjects.h(4891): warning C4244: '=': conversion from 'double' to 'float', possible loss of data
c:\plugin projects\synth uno\pluginobjects\fxobjects.h(4894): warning C4244: '=': conversion from 'double' to 'float', possible loss of data
c:\plugin projects\synth uno\pluginobjects\fxobjects.h(4895): warning C4244: '=': conversion from 'double' to 'float', possible loss of data
c:\plugin projects\synth uno\pluginobjects\fxobjects.h(8713): warning C4018: '<': signed/unsigned mismatch
c:\plugin projects\synth uno\pluginobjects\fxobjects.h(8717): warning C4018: '<=': signed/unsigned mismatch
c:\plugin projects\synth uno\pluginobjects\synthdefs.h(117): warning C4244: 'initializing': conversion from 'double' to 'float', possible loss of data
c:\plugin projects\synth uno\pluginobjects\synthdefs.h(353): warning C4244: '=': conversion from 'double' to 'unsigned int', possible loss of data
c:\plugin projects\synth uno\pluginobjects\synthdefs.h(354): warning C4244: '=': conversion from 'double' to 'unsigned int', possible loss of data
c:\plugin projects\synth uno\pluginobjects\synthdefs.h(365): warning C4244: '=': conversion from 'double' to 'unsigned int', possible loss of data
c:\plugin projects\synth uno\pluginobjects\synthdefs.h(366): warning C4244: '=': conversion from 'double' to 'unsigned int', possible loss of data
c:\plugin projects\synth uno\pluginobjects\synthdefs.h(377): warning C4244: '=': conversion from 'double' to 'int', possible loss of data
c:\plugin projects\synth uno\pluginobjects\synthdefs.h(378): warning C4244: '=': conversion from 'double' to 'int', possible loss of data
c:\plugin projects\synth uno\pluginobjects\synthdefs.h(407): warning C4244: '=': conversion from 'double' to 'int', possible loss of data
c:\plugin projects\synth uno\pluginobjects\synthdefs.h(408): warning C4244: '=': conversion from 'double' to 'int', possible loss of data
c:\plugin projects\synth uno\pluginobjects\synthdefs.h(427): warning C4244: '=': conversion from 'double' to 'unsigned int', possible loss of data
c:\plugin projects\synth uno\pluginobjects\synthdefs.h(428): warning C4244: '=': conversion from 'double' to 'unsigned int', possible loss of data
c:\plugin projects\synth uno\pluginobjects\synthdefs.h(469): warning C4244: '=': conversion from 'double' to 'unsigned int', possible loss of data
c:\plugin projects\synth uno\pluginobjects\synthdefs.h(470): warning C4244: '=': conversion from 'double' to 'unsigned int', possible loss of data
c:\plugin projects\synth uno\pluginobjects\synthdefs.h(867): warning C4244: '=': conversion from 'double' to 'uint32_t', possible loss of data
c:\plugin projects\synth uno\pluginobjects\synthdefs.h(875): warning C4244: '=': conversion from 'double' to 'uint32_t', possible loss of data
c:\plugin projects\synth uno\pluginobjects\wavetableoscillator.h(142): warning C4018: '>': signed/unsigned mismatch
c:\plugin projects\synth uno\pluginobjects\synthlfo.h(55): warning C4244: 'argument': conversion from 'time_t' to 'unsigned int', possible loss of data
c:\plugin projects\synth uno\pluginobjects\dca_eg.h(110): warning C4114: same type qualifier used more than once
  window_eg.cpp
c:\plugin projects\synth uno\pluginobjects\fxobjects.h(333): warning C4244: '=': conversion from 'double' to 'float', possible loss of data
c:\plugin projects\synth uno\pluginobjects\fxobjects.h(650): warning C4244: '=': conversion from 'double' to 'int', possible loss of data
c:\plugin projects\synth uno\pluginobjects\fxobjects.h(651): warning C4244: '=': conversion from 'double' to 'int', possible loss of data
c:\plugin projects\synth uno\pluginobjects\fxobjects.h(742): warning C4018: '<=': signed/unsigned mismatch
c:\plugin projects\synth uno\pluginobjects\fxobjects.h(744): warning C4018: '>': signed/unsigned mismatch
c:\plugin projects\synth uno\pluginobjects\fxobjects.h(744): warning C4018: '<': signed/unsigned mismatch
c:\plugin projects\synth uno\pluginobjects\fxobjects.h(757): warning C4018: '>=': signed/unsigned mismatch
c:\plugin projects\synth uno\pluginobjects\fxobjects.h(759): warning C4018: '>': signed/unsigned mismatch
c:\plugin projects\synth uno\pluginobjects\fxobjects.h(759): warning C4018: '<': signed/unsigned mismatch
c:\plugin projects\synth uno\pluginobjects\fxobjects.h(772): warning C4018: '>=': signed/unsigned mismatch
c:\plugin projects\synth uno\pluginobjects\fxobjects.h(772): warning C4018: '<=': signed/unsigned mismatch
c:\plugin projects\synth uno\pluginobjects\fxobjects.h(774): warning C4018: '>': signed/unsigned mismatch
c:\plugin projects\synth uno\pluginobjects\fxobjects.h(774): warning C4018: '<': signed/unsigned mismatch
c:\plugin projects\synth uno\pluginobjects\fxobjects.h(776): warning C4018: '>': signed/unsigned mismatch
c:\plugin projects\synth uno\pluginobjects\fxobjects.h(776): warning C4018: '<': signed/unsigned mismatch
c:\plugin projects\synth uno\pluginobjects\fxobjects.h(1089): warning C4018: '<': signed/unsigned mismatch
c:\plugin projects\synth uno\pluginobjects\fxobjects.h(1111): warning C4018: '>=': signed/unsigned mismatch
c:\plugin projects\synth uno\pluginobjects\fxobjects.h(1131): warning C4018: '>=': signed/unsigned mismatch
c:\plugin projects\synth uno\pluginobjects\fxobjects.h(2789): warning C4244: '=': conversion from 'double' to 'float', possible loss of data
c:\plugin projects\synth uno\pluginobjects\fxobjects.h(2840): warning C4244: '=': conversion from 'double' to 'float', possible loss of data
c:\plugin projects\synth uno\pluginobjects\fxobjects.h(2843): warning C4244: '=': conversion from 'double' to 'float', possible loss of data
c:\plugin projects\synth uno\pluginobjects\fxobjects.h(2996): warning C4244: 'argument': conversion from 'time_t' to 'unsigned int', possible loss of data
c:\plugin projects\synth uno\pluginobjects\fxobjects.h(3354): warning C4244: 'initializing': conversion from 'double' to 'float', possible loss of data
c:\plugin projects\synth uno\pluginobjects\fxobjects.h(4891): warning C4244: '=': conversion from 'double' to 'float', possible loss of data
c:\plugin projects\synth uno\pluginobjects\fxobjects.h(4894): warning C4244: '=': conversion from 'double' to 'float', possible loss of data
c:\plugin projects\synth uno\pluginobjects\fxobjects.h(4895): warning C4244: '=': conversion from 'double' to 'float', possible loss of data
c:\plugin projects\synth uno\pluginobjects\fxobjects.h(8713): warning C4018: '<': signed/unsigned mismatch
c:\plugin projects\synth uno\pluginobjects\fxobjects.h(8717): warning C4018: '<=': signed/unsigned mismatch
c:\plugin projects\synth uno\pluginobjects\synthdefs.h(117): warning C4244: 'initializing': conversion from 'double' to 'float', possible loss of data
c:\plugin projects\synth uno\pluginobjects\synthdefs.h(353): warning C4244: '=': conversion from 'double' to 'unsigned int', possible loss of data
c:\plugin projects\synth uno\pluginobjects\synthdefs.h(354): warning C4244: '=': conversion from 'double' to 'unsigned int', possible loss of data
c:\plugin projects\synth uno\pluginobjects\synthdefs.h(365): warning C4244: '=': conversion from 'double' to 'unsigned int', possible loss of data
c:\plugin projects\synth uno\pluginobjects\synthdefs.h(366): warning C4244: '=': conversion from 'double' to 'unsigned int', possible loss of data
c:\plugin projects\synth uno\pluginobjects\synthdefs.h(377): warning C4244: '=': conversion from 'double' to 'int', possible loss of data
c:\plugin projects\synth uno\pluginobjects\synthdefs.h(378): warning C4244: '=': conversion from 'double' to 'int', possible loss of data
c:\plugin projects\synth uno\pluginobjects\synthdefs.h(407): warning C4244: '=': conversion from 'double' to 'int', possible loss of data
c:\plugin projects\synth uno\pluginobjects\synthdefs.h(408): warning C4244: '=': conversion from 'double' to 'int', possible loss of data
c:\plugin projects\synth uno\pluginobjects\synthdefs.h(427): warning C4244: '=': conversion from 'double' to 'unsigned int', possible loss of data
c:\plugin projects\synth uno\pluginobjects\synthdefs.h(428): warning C4244: '=': conversion from 'double' to 'unsigned int', possible loss of data
c:\plugin projects\synth uno\pluginobjects\synthdefs.h(469): warning C4244: '=': conversion from 'double' to 'unsigned int', possible loss of data
c:\plugin projects\synth uno\pluginobjects\synthdefs.h(470): warning C4244: '=': conversion from 'double' to 'unsigned int', possible loss of data
c:\plugin projects\synth uno\pluginobjects\synthdefs.h(867): warning C4244: '=': conversion from 'double' to 'uint32_t', possible loss of data
c:\plugin projects\synth uno\pluginobjects\synthdefs.h(875): warning C4244: '=': conversion from 'double' to 'uint32_t', possible loss of data
c:\plugin projects\synth uno\pluginobjects\window_eg.h(41): warning C4244: 'initializing': conversion from 'double' to 'uint32_t', possible loss of data
c:\plugin projects\synth uno\pluginobjects\window_eg.h(114): warning C4244: 'initializing': conversion from 'double' to 'uint32_t', possible loss of data
c:\plugin projects\synth uno\pluginobjects\window_eg.cpp(50): warning C4244: '=': conversion from 'double' to 'uint32_t', possible loss of data
c:\plugin projects\synth uno\pluginobjects\window_eg.cpp(61): warning C4244: 'argument': conversion from 'double' to 'uint32_t', possible loss of data
  wavetableoscillator.cpp
c:\plugin projects\synth uno\pluginobjects\fxobjects.h(333): warning C4244: '=': conversion from 'double' to 'float', possible loss of data
c:\plugin projects\synth uno\pluginobjects\fxobjects.h(650): warning C4244: '=': conversion from 'double' to 'int', possible loss of data
c:\plugin projects\synth uno\pluginobjects\fxobjects.h(651): warning C4244: '=': conversion from 'double' to 'int', possible loss of data
c:\plugin projects\synth uno\pluginobjects\fxobjects.h(742): warning C4018: '<=': signed/unsigned mismatch
c:\plugin projects\synth uno\pluginobjects\fxobjects.h(744): warning C4018: '>': signed/unsigned mismatch
c:\plugin projects\synth uno\pluginobjects\fxobjects.h(744): warning C4018: '<': signed/unsigned mismatch
c:\plugin projects\synth uno\pluginobjects\fxobjects.h(757): warning C4018: '>=': signed/unsigned mismatch
c:\plugin projects\synth uno\pluginobjects\fxobjects.h(759): warning C4018: '>': signed/unsigned mismatch
c:\plugin projects\synth uno\pluginobjects\fxobjects.h(759): warning C4018: '<': signed/unsigned mismatch
c:\plugin projects\synth uno\pluginobjects\fxobjects.h(772): warning C4018: '>=': signed/unsigned mismatch
c:\plugin projects\synth uno\pluginobjects\fxobjects.h(772): warning C4018: '<=': signed/unsigned mismatch
c:\plugin projects\synth uno\pluginobjects\fxobjects.h(774): warning C4018: '>': signed/unsigned mismatch
c:\plugin projects\synth uno\pluginobjects\fxobjects.h(774): warning C4018: '<': signed/unsigned mismatch
c:\plugin projects\synth uno\pluginobjects\fxobjects.h(776): warning C4018: '>': signed/unsigned mismatch
c:\plugin projects\synth uno\pluginobjects\fxobjects.h(776): warning C4018: '<': signed/unsigned mismatch
c:\plugin projects\synth uno\pluginobjects\fxobjects.h(1089): warning C4018: '<': signed/unsigned mismatch
c:\plugin projects\synth uno\pluginobjects\fxobjects.h(1111): warning C4018: '>=': signed/unsigned mismatch
c:\plugin projects\synth uno\pluginobjects\fxobjects.h(1131): warning C4018: '>=': signed/unsigned mismatch
c:\plugin projects\synth uno\pluginobjects\fxobjects.h(2789): warning C4244: '=': conversion from 'double' to 'float', possible loss of data
c:\plugin projects\synth uno\pluginobjects\fxobjects.h(2840): warning C4244: '=': conversion from 'double' to 'float', possible loss of data
c:\plugin projects\synth uno\pluginobjects\fxobjects.h(2843): warning C4244: '=': conversion from 'double' to 'float', possible loss of data
c:\plugin projects\synth uno\pluginobjects\fxobjects.h(2996): warning C4244: 'argument': conversion from 'time_t' to 'unsigned int', possible loss of data
c:\plugin projects\synth uno\pluginobjects\fxobjects.h(3354): warning C4244: 'initializing': conversion from 'double' to 'float', possible loss of data
c:\plugin projects\synth uno\pluginobjects\fxobjects.h(4891): warning C4244: '=': conversion from 'double' to 'float', possible loss of data
c:\plugin projects\synth uno\pluginobjects\fxobjects.h(4894): warning C4244: '=': conversion from 'double' to 'float', possible loss of data
c:\plugin projects\synth uno\pluginobjects\fxobjects.h(4895): warning C4244: '=': conversion from 'double' to 'float', possible loss of data
c:\plugin projects\synth uno\pluginobjects\fxobjects.h(8713): warning C4018: '<': signed/unsigned mismatch
c:\plugin projects\synth uno\pluginobjects\fxobjects.h(8717): warning C4018: '<=': signed/unsigned mismatch
c:\plugin projects\synth uno\pluginobjects\synthdefs.h(117): warning C4244: 'initializing': conversion from 'double' to 'float', possible loss of data
c:\plugin projects\synth uno\pluginobjects\synthdefs.h(353): warning C4244: '=': conversion from 'double' to 'unsigned int', possible loss of data
c:\plugin projects\synth uno\pluginobjects\synthdefs.h(354): warning C4244: '=': conversion from 'double' to 'unsigned int', possible loss of data
c:\plugin projects\synth uno\pluginobjects\synthdefs.h(365): warning C4244: '=': conversion from 'double' to 'unsigned int', possible loss of data
c:\plugin projects\synth uno\pluginobjects\synthdefs.h(366): warning C4244: '=': conversion from 'double' to 'unsigned int', possible loss of data
c:\plugin projects\synth uno\pluginobjects\synthdefs.h(377): warning C4244: '=': conversion from 'double' to 'int', possible loss of data
c:\plugin projects\synth uno\pluginobjects\synthdefs.h(378): warning C4244: '=': conversion from 'double' to 'int', possible loss of data
c:\plugin projects\synth uno\pluginobjects\synthdefs.h(407): warning C4244: '=': conversion from 'double' to 'int', possible loss of data
c:\plugin projects\synth uno\pluginobjects\synthdefs.h(408): warning C4244: '=': conversion from 'double' to 'int', possible loss of data
c:\plugin projects\synth uno\pluginobjects\synthdefs.h(427): warning C4244: '=': conversion from 'double' to 'unsigned int', possible loss of data
c:\plugin projects\synth uno\pluginobjects\synthdefs.h(428): warning C4244: '=': conversion from 'double' to 'unsigned int', possible loss of data
c:\plugin projects\synth uno\pluginobjects\synthdefs.h(469): warning C4244: '=': conversion from 'double' to 'unsigned int', possible loss of data
c:\plugin projects\synth uno\pluginobjects\synthdefs.h(470): warning C4244: '=': conversion from 'double' to 'unsigned int', possible loss of data
c:\plugin projects\synth uno\pluginobjects\synthdefs.h(867): warning C4244: '=': conversion from 'double' to 'uint32_t', possible loss of data
c:\plugin projects\synth uno\pluginobjects\synthdefs.h(875): warning C4244: '=': conversion from 'double' to 'uint32_t', possible loss of data
c:\plugin projects\synth uno\pluginobjects\wavetableoscillator.h(142): warning C4018: '>': signed/unsigned mismatch
c:\plugin projects\synth uno\pluginobjects\wavetableoscillator.cpp(30): warning C4018: '<': signed/unsigned mismatch
  wavedata.cpp
c:\plugin projects\synth uno\pluginobjects\wavedata.cpp(148): warning C4244: 'initializing': conversion from 'std::streamoff' to 'int', possible loss of data
c:\plugin projects\synth uno\pluginobjects\wavedata.cpp(178): warning C4244: 'initializing': conversion from 'float' to 'UINT', possible loss of data
c:\plugin projects\synth uno\pluginobjects\wavedata.cpp(224): warning C4244: 'initializing': conversion from 'float' to 'UINT', possible loss of data
c:\plugin projects\synth uno\pluginobjects\wavedata.cpp(305): warning C4244: '=': conversion from 'double' to 'float', possible loss of data
c:\plugin projects\synth uno\pluginobjects\wavedata.cpp(322): warning C4244: 'initializing': conversion from 'float' to 'UINT', possible loss of data
c:\plugin projects\synth uno\pluginobjects\wavedata.cpp(374): warning C4244: '=': conversion from 'double' to 'float', possible loss of data
c:\plugin projects\synth uno\pluginobjects\wavedata.cpp(444): warning C4244: 'initializing': conversion from 'float' to 'UINT', possible loss of data
c:\plugin projects\synth uno\pluginobjects\wavedata.cpp(542): warning C4244: 'initializing': conversion from 'std::streamoff' to 'int', possible loss of data
c:\plugin projects\synth uno\pluginobjects\wavedata.cpp(637): warning C4244: 'initializing': conversion from 'std::streamoff' to 'int', possible loss of data
c:\plugin projects\synth uno\pluginobjects\wavedata.cpp(656): warning C4244: '=': conversion from 'std::streamoff' to 'int', possible loss of data
  vafilters.cpp
c:\plugin projects\synth uno\pluginobjects\fxobjects.h(333): warning C4244: '=': conversion from 'double' to 'float', possible loss of data
c:\plugin projects\synth uno\pluginobjects\fxobjects.h(650): warning C4244: '=': conversion from 'double' to 'int', possible loss of data
c:\plugin projects\synth uno\pluginobjects\fxobjects.h(651): warning C4244: '=': conversion from 'double' to 'int', possible loss of data
c:\plugin projects\synth uno\pluginobjects\fxobjects.h(742): warning C4018: '<=': signed/unsigned mismatch
c:\plugin projects\synth uno\pluginobjects\fxobjects.h(744): warning C4018: '>': signed/unsigned mismatch
c:\plugin projects\synth uno\pluginobjects\fxobjects.h(744): warning C4018: '<': signed/unsigned mismatch
c:\plugin projects\synth uno\pluginobjects\fxobjects.h(757): warning C4018: '>=': signed/unsigned mismatch
c:\plugin projects\synth uno\pluginobjects\fxobjects.h(759): warning C4018: '>': signed/unsigned mismatch
c:\plugin projects\synth uno\pluginobjects\fxobjects.h(759): warning C4018: '<': signed/unsigned mismatch
c:\plugin projects\synth uno\pluginobjects\fxobjects.h(772): warning C4018: '>=': signed/unsigned mismatch
c:\plugin projects\synth uno\pluginobjects\fxobjects.h(772): warning C4018: '<=': signed/unsigned mismatch
c:\plugin projects\synth uno\pluginobjects\fxobjects.h(774): warning C4018: '>': signed/unsigned mismatch
c:\plugin projects\synth uno\pluginobjects\fxobjects.h(774): warning C4018: '<': signed/unsigned mismatch
c:\plugin projects\synth uno\pluginobjects\fxobjects.h(776): warning C4018: '>': signed/unsigned mismatch
c:\plugin projects\synth uno\pluginobjects\fxobjects.h(776): warning C4018: '<': signed/unsigned mismatch
c:\plugin projects\synth uno\pluginobjects\fxobjects.h(1089): warning C4018: '<': signed/unsigned mismatch
c:\plugin projects\synth uno\pluginobjects\fxobjects.h(1111): warning C4018: '>=': signed/unsigned mismatch
c:\plugin projects\synth uno\pluginobjects\fxobjects.h(1131): warning C4018: '>=': signed/unsigned mismatch
c:\plugin projects\synth uno\pluginobjects\fxobjects.h(2789): warning C4244: '=': conversion from 'double' to 'float', possible loss of data
c:\plugin projects\synth uno\pluginobjects\fxobjects.h(2840): warning C4244: '=': conversion from 'double' to 'float', possible loss of data
c:\plugin projects\synth uno\pluginobjects\fxobjects.h(2843): warning C4244: '=': conversion from 'double' to 'float', possible loss of data
c:\plugin projects\synth uno\pluginobjects\fxobjects.h(2996): warning C4244: 'argument': conversion from 'time_t' to 'unsigned int', possible loss of data
c:\plugin projects\synth uno\pluginobjects\fxobjects.h(3354): warning C4244: 'initializing': conversion from 'double' to 'float', possible loss of data
c:\plugin projects\synth uno\pluginobjects\fxobjects.h(4891): warning C4244: '=': conversion from 'double' to 'float', possible loss of data
c:\plugin projects\synth uno\pluginobjects\fxobjects.h(4894): warning C4244: '=': conversion from 'double' to 'float', possible loss of data
c:\plugin projects\synth uno\pluginobjects\fxobjects.h(4895): warning C4244: '=': conversion from 'double' to 'float', possible loss of data
c:\plugin projects\synth uno\pluginobjects\fxobjects.h(8713): warning C4018: '<': signed/unsigned mismatch
c:\plugin projects\synth uno\pluginobjects\fxobjects.h(8717): warning C4018: '<=': signed/unsigned mismatch
c:\plugin projects\synth uno\pluginobjects\synthdefs.h(117): warning C4244: 'initializing': conversion from 'double' to 'float', possible loss of data
c:\plugin projects\synth uno\pluginobjects\synthdefs.h(353): warning C4244: '=': conversion from 'double' to 'unsigned int', possible loss of data
c:\plugin projects\synth uno\pluginobjects\synthdefs.h(354): warning C4244: '=': conversion from 'double' to 'unsigned int', possible loss of data
c:\plugin projects\synth uno\pluginobjects\synthdefs.h(365): warning C4244: '=': conversion from 'double' to 'unsigned int', possible loss of data
c:\plugin projects\synth uno\pluginobjects\synthdefs.h(366): warning C4244: '=': conversion from 'double' to 'unsigned int', possible loss of data
c:\plugin projects\synth uno\pluginobjects\synthdefs.h(377): warning C4244: '=': conversion from 'double' to 'int', possible loss of data
c:\plugin projects\synth uno\pluginobjects\synthdefs.h(378): warning C4244: '=': conversion from 'double' to 'int', possible loss of data
c:\plugin projects\synth uno\pluginobjects\synthdefs.h(407): warning C4244: '=': conversion from 'double' to 'int', possible loss of data
c:\plugin projects\synth uno\pluginobjects\synthdefs.h(408): warning C4244: '=': conversion from 'double' to 'int', possible loss of data
c:\plugin projects\synth uno\pluginobjects\synthdefs.h(427): warning C4244: '=': conversion from 'double' to 'unsigned int', possible loss of data
c:\plugin projects\synth uno\pluginobjects\synthdefs.h(428): warning C4244: '=': conversion from 'double' to 'unsigned int', possible loss of data
c:\plugin projects\synth uno\pluginobjects\synthdefs.h(469): warning C4244: '=': conversion from 'double' to 'unsigned int', possible loss of data
c:\plugin projects\synth uno\pluginobjects\synthdefs.h(470): warning C4244: '=': conversion from 'double' to 'unsigned int', possible loss of data
c:\plugin projects\synth uno\pluginobjects\synthdefs.h(867): warning C4244: '=': conversion from 'double' to 'uint32_t', possible loss of data
c:\plugin projects\synth uno\pluginobjects\synthdefs.h(875): warning C4244: '=': conversion from 'double' to 'uint32_t', possible loss of data
  synthoscillator.cpp
c:\plugin projects\synth uno\pluginobjects\fxobjects.h(333): warning C4244: '=': conversion from 'double' to 'float', possible loss of data
c:\plugin projects\synth uno\pluginobjects\fxobjects.h(650): warning C4244: '=': conversion from 'double' to 'int', possible loss of data
c:\plugin projects\synth uno\pluginobjects\fxobjects.h(651): warning C4244: '=': conversion from 'double' to 'int', possible loss of data
c:\plugin projects\synth uno\pluginobjects\fxobjects.h(742): warning C4018: '<=': signed/unsigned mismatch
c:\plugin projects\synth uno\pluginobjects\fxobjects.h(744): warning C4018: '>': signed/unsigned mismatch
c:\plugin projects\synth uno\pluginobjects\fxobjects.h(744): warning C4018: '<': signed/unsigned mismatch
c:\plugin projects\synth uno\pluginobjects\fxobjects.h(757): warning C4018: '>=': signed/unsigned mismatch
c:\plugin projects\synth uno\pluginobjects\fxobjects.h(759): warning C4018: '>': signed/unsigned mismatch
c:\plugin projects\synth uno\pluginobjects\fxobjects.h(759): warning C4018: '<': signed/unsigned mismatch
c:\plugin projects\synth uno\pluginobjects\fxobjects.h(772): warning C4018: '>=': signed/unsigned mismatch
c:\plugin projects\synth uno\pluginobjects\fxobjects.h(772): warning C4018: '<=': signed/unsigned mismatch
c:\plugin projects\synth uno\pluginobjects\fxobjects.h(774): warning C4018: '>': signed/unsigned mismatch
c:\plugin projects\synth uno\pluginobjects\fxobjects.h(774): warning C4018: '<': signed/unsigned mismatch
c:\plugin projects\synth uno\pluginobjects\fxobjects.h(776): warning C4018: '>': signed/unsigned mismatch
c:\plugin projects\synth uno\pluginobjects\fxobjects.h(776): warning C4018: '<': signed/unsigned mismatch
c:\plugin projects\synth uno\pluginobjects\fxobjects.h(1089): warning C4018: '<': signed/unsigned mismatch
c:\plugin projects\synth uno\pluginobjects\fxobjects.h(1111): warning C4018: '>=': signed/unsigned mismatch
c:\plugin projects\synth uno\pluginobjects\fxobjects.h(1131): warning C4018: '>=': signed/unsigned mismatch
c:\plugin projects\synth uno\pluginobjects\fxobjects.h(2789): warning C4244: '=': conversion from 'double' to 'float', possible loss of data
c:\plugin projects\synth uno\pluginobjects\fxobjects.h(2840): warning C4244: '=': conversion from 'double' to 'float', possible loss of data
c:\plugin projects\synth uno\pluginobjects\fxobjects.h(2843): warning C4244: '=': conversion from 'double' to 'float', possible loss of data
c:\plugin projects\synth uno\pluginobjects\fxobjects.h(2996): warning C4244: 'argument': conversion from 'time_t' to 'unsigned int', possible loss of data
c:\plugin projects\synth uno\pluginobjects\fxobjects.h(3354): warning C4244: 'initializing': conversion from 'double' to 'float', possible loss of data
c:\plugin projects\synth uno\pluginobjects\fxobjects.h(4891): warning C4244: '=': conversion from 'double' to 'float', possible loss of data
c:\plugin projects\synth uno\pluginobjects\fxobjects.h(4894): warning C4244: '=': conversion from 'double' to 'float', possible loss of data
c:\plugin projects\synth uno\pluginobjects\fxobjects.h(4895): warning C4244: '=': conversion from 'double' to 'float', possible loss of data
c:\plugin projects\synth uno\pluginobjects\fxobjects.h(8713): warning C4018: '<': signed/unsigned mismatch
c:\plugin projects\synth uno\pluginobjects\fxobjects.h(8717): warning C4018: '<=': signed/unsigned mismatch
c:\plugin projects\synth uno\pluginobjects\synthdefs.h(117): warning C4244: 'initializing': conversion from 'double' to 'float', possible loss of data
c:\plugin projects\synth uno\pluginobjects\synthdefs.h(353): warning C4244: '=': conversion from 'double' to 'unsigned int', possible loss of data
c:\plugin projects\synth uno\pluginobjects\synthdefs.h(354): warning C4244: '=': conversion from 'double' to 'unsigned int', possible loss of data
c:\plugin projects\synth uno\pluginobjects\synthdefs.h(365): warning C4244: '=': conversion from 'double' to 'unsigned int', possible loss of data
c:\plugin projects\synth uno\pluginobjects\synthdefs.h(366): warning C4244: '=': conversion from 'double' to 'unsigned int', possible loss of data
c:\plugin projects\synth uno\pluginobjects\synthdefs.h(377): warning C4244: '=': conversion from 'double' to 'int', possible loss of data
c:\plugin projects\synth uno\pluginobjects\synthdefs.h(378): warning C4244: '=': conversion from 'double' to 'int', possible loss of data
c:\plugin projects\synth uno\pluginobjects\synthdefs.h(407): warning C4244: '=': conversion from 'double' to 'int', possible loss of data
c:\plugin projects\synth uno\pluginobjects\synthdefs.h(408): warning C4244: '=': conversion from 'double' to 'int', possible loss of data
c:\plugin projects\synth uno\pluginobjects\synthdefs.h(427): warning C4244: '=': conversion from 'double' to 'unsigned int', possible loss of data
c:\plugin projects\synth uno\pluginobjects\synthdefs.h(428): warning C4244: '=': conversion from 'double' to 'unsigned int', possible loss of data
c:\plugin projects\synth uno\pluginobjects\synthdefs.h(469): warning C4244: '=': conversion from 'double' to 'unsigned int', possible loss of data
c:\plugin projects\synth uno\pluginobjects\synthdefs.h(470): warning C4244: '=': conversion from 'double' to 'unsigned int', possible loss of data
c:\plugin projects\synth uno\pluginobjects\synthdefs.h(867): warning C4244: '=': conversion from 'double' to 'uint32_t', possible loss of data
c:\plugin projects\synth uno\pluginobjects\synthdefs.h(875): warning C4244: '=': conversion from 'double' to 'uint32_t', possible loss of data
c:\plugin projects\synth uno\pluginobjects\wavetableoscillator.h(142): warning C4018: '>': signed/unsigned mismatch
c:\plugin projects\synth uno\pluginobjects\synthoscillator.cpp(36): warning C4244: 'argument': conversion from 'time_t' to 'unsigned int', possible loss of data
  synthlfo.cpp
c:\plugin projects\synth uno\pluginobjects\fxobjects.h(333): warning C4244: '=': conversion from 'double' to 'float', possible loss of data
c:\plugin projects\synth uno\pluginobjects\fxobjects.h(650): warning C4244: '=': conversion from 'double' to 'int', possible loss of data
c:\plugin projects\synth uno\pluginobjects\fxobjects.h(651): warning C4244: '=': conversion from 'double' to 'int', possible loss of data
c:\plugin projects\synth uno\pluginobjects\fxobjects.h(742): warning C4018: '<=': signed/unsigned mismatch
c:\plugin projects\synth uno\pluginobjects\fxobjects.h(744): warning C4018: '>': signed/unsigned mismatch
c:\plugin projects\synth uno\pluginobjects\fxobjects.h(744): warning C4018: '<': signed/unsigned mismatch
c:\plugin projects\synth uno\pluginobjects\fxobjects.h(757): warning C4018: '>=': signed/unsigned mismatch
c:\plugin projects\synth uno\pluginobjects\fxobjects.h(759): warning C4018: '>': signed/unsigned mismatch
c:\plugin projects\synth uno\pluginobjects\fxobjects.h(759): warning C4018: '<': signed/unsigned mismatch
c:\plugin projects\synth uno\pluginobjects\fxobjects.h(772): warning C4018: '>=': signed/unsigned mismatch
c:\plugin projects\synth uno\pluginobjects\fxobjects.h(772): warning C4018: '<=': signed/unsigned mismatch
c:\plugin projects\synth uno\pluginobjects\fxobjects.h(774): warning C4018: '>': signed/unsigned mismatch
c:\plugin projects\synth uno\pluginobjects\fxobjects.h(774): warning C4018: '<': signed/unsigned mismatch
c:\plugin projects\synth uno\pluginobjects\fxobjects.h(776): warning C4018: '>': signed/unsigned mismatch
c:\plugin projects\synth uno\pluginobjects\fxobjects.h(776): warning C4018: '<': signed/unsigned mismatch
c:\plugin projects\synth uno\pluginobjects\fxobjects.h(1089): warning C4018: '<': signed/unsigned mismatch
c:\plugin projects\synth uno\pluginobjects\fxobjects.h(1111): warning C4018: '>=': signed/unsigned mismatch
c:\plugin projects\synth uno\pluginobjects\fxobjects.h(1131): warning C4018: '>=': signed/unsigned mismatch
c:\plugin projects\synth uno\pluginobjects\fxobjects.h(2789): warning C4244: '=': conversion from 'double' to 'float', possible loss of data
c:\plugin projects\synth uno\pluginobjects\fxobjects.h(2840): warning C4244: '=': conversion from 'double' to 'float', possible loss of data
c:\plugin projects\synth uno\pluginobjects\fxobjects.h(2843): warning C4244: '=': conversion from 'double' to 'float', possible loss of data
c:\plugin projects\synth uno\pluginobjects\fxobjects.h(2996): warning C4244: 'argument': conversion from 'time_t' to 'unsigned int', possible loss of data
c:\plugin projects\synth uno\pluginobjects\fxobjects.h(3354): warning C4244: 'initializing': conversion from 'double' to 'float', possible loss of data
c:\plugin projects\synth uno\pluginobjects\fxobjects.h(4891): warning C4244: '=': conversion from 'double' to 'float', possible loss of data
c:\plugin projects\synth uno\pluginobjects\fxobjects.h(4894): warning C4244: '=': conversion from 'double' to 'float', possible loss of data
c:\plugin projects\synth uno\pluginobjects\fxobjects.h(4895): warning C4244: '=': conversion from 'double' to 'float', possible loss of data
c:\plugin projects\synth uno\pluginobjects\fxobjects.h(8713): warning C4018: '<': signed/unsigned mismatch
c:\plugin projects\synth uno\pluginobjects\fxobjects.h(8717): warning C4018: '<=': signed/unsigned mismatch
c:\plugin projects\synth uno\pluginobjects\synthdefs.h(117): warning C4244: 'initializing': conversion from 'double' to 'float', possible loss of data
c:\plugin projects\synth uno\pluginobjects\synthdefs.h(353): warning C4244: '=': conversion from 'double' to 'unsigned int', possible loss of data
c:\plugin projects\synth uno\pluginobjects\synthdefs.h(354): warning C4244: '=': conversion from 'double' to 'unsigned int', possible loss of data
c:\plugin projects\synth uno\pluginobjects\synthdefs.h(365): warning C4244: '=': conversion from 'double' to 'unsigned int', possible loss of data
c:\plugin projects\synth uno\pluginobjects\synthdefs.h(366): warning C4244: '=': conversion from 'double' to 'unsigned int', possible loss of data
c:\plugin projects\synth uno\pluginobjects\synthdefs.h(377): warning C4244: '=': conversion from 'double' to 'int', possible loss of data
c:\plugin projects\synth uno\pluginobjects\synthdefs.h(378): warning C4244: '=': conversion from 'double' to 'int', possible loss of data
c:\plugin projects\synth uno\pluginobjects\synthdefs.h(407): warning C4244: '=': conversion from 'double' to 'int', possible loss of data
c:\plugin projects\synth uno\pluginobjects\synthdefs.h(408): warning C4244: '=': conversion from 'double' to 'int', possible loss of data
c:\plugin projects\synth uno\pluginobjects\synthdefs.h(427): warning C4244: '=': conversion from 'double' to 'unsigned int', possible loss of data
c:\plugin projects\synth uno\pluginobjects\synthdefs.h(428): warning C4244: '=': conversion from 'double' to 'unsigned int', possible loss of data
c:\plugin projects\synth uno\pluginobjects\synthdefs.h(469): warning C4244: '=': conversion from 'double' to 'unsigned int', possible loss of data
c:\plugin projects\synth uno\pluginobjects\synthdefs.h(470): warning C4244: '=': conversion from 'double' to 'unsigned int', possible loss of data
c:\plugin projects\synth uno\pluginobjects\synthdefs.h(867): warning C4244: '=': conversion from 'double' to 'uint32_t', possible loss of data
c:\plugin projects\synth uno\pluginobjects\synthdefs.h(875): warning C4244: '=': conversion from 'double' to 'uint32_t', possible loss of data
c:\plugin projects\synth uno\pluginobjects\synthlfo.h(55): warning C4244: 'argument': conversion from 'time_t' to 'unsigned int', possible loss of data
c:\plugin projects\synth uno\pluginobjects\synthlfo.cpp(97): warning C4244: '=': conversion from 'double' to 'int', possible loss of data
c:\plugin projects\synth uno\pluginobjects\synthlfo.cpp(103): warning C4244: '-=': conversion from 'double' to 'int', possible loss of data
c:\plugin projects\synth uno\pluginobjects\synthlfo.cpp(112): warning C4244: '+=': conversion from 'double' to 'int', possible loss of data
  synthcore.cpp
c:\plugin projects\synth uno\pluginobjects\fxobjects.h(333): warning C4244: '=': conversion from 'double' to 'float', possible loss of data
c:\plugin projects\synth uno\pluginobjects\fxobjects.h(650): warning C4244: '=': conversion from 'double' to 'int', possible loss of data
c:\plugin projects\synth uno\pluginobjects\fxobjects.h(651): warning C4244: '=': conversion from 'double' to 'int', possible loss of data
c:\plugin projects\synth uno\pluginobjects\fxobjects.h(742): warning C4018: '<=': signed/unsigned mismatch
c:\plugin projects\synth uno\pluginobjects\fxobjects.h(744): warning C4018: '>': signed/unsigned mismatch
c:\plugin projects\synth uno\pluginobjects\fxobjects.h(744): warning C4018: '<': signed/unsigned mismatch
c:\plugin projects\synth uno\pluginobjects\fxobjects.h(757): warning C4018: '>=': signed/unsigned mismatch
c:\plugin projects\synth uno\pluginobjects\fxobjects.h(759): warning C4018: '>': signed/unsigned mismatch
c:\plugin projects\synth uno\pluginobjects\fxobjects.h(759): warning C4018: '<': signed/unsigned mismatch
c:\plugin projects\synth uno\pluginobjects\fxobjects.h(772): warning C4018: '>=': signed/unsigned mismatch
c:\plugin projects\synth uno\pluginobjects\fxobjects.h(772): warning C4018: '<=': signed/unsigned mismatch
c:\plugin projects\synth uno\pluginobjects\fxobjects.h(774): warning C4018: '>': signed/unsigned mismatch
c:\plugin projects\synth uno\pluginobjects\fxobjects.h(774): warning C4018: '<': signed/unsigned mismatch
c:\plugin projects\synth uno\pluginobjects\fxobjects.h(776): warning C4018: '>': signed/unsigned mismatch
c:\plugin projects\synth uno\pluginobjects\fxobjects.h(776): warning C4018: '<': signed/unsigned mismatch
c:\plugin projects\synth uno\pluginobjects\fxobjects.h(1089): warning C4018: '<': signed/unsigned mismatch
c:\plugin projects\synth uno\pluginobjects\fxobjects.h(1111): warning C4018: '>=': signed/unsigned mismatch
c:\plugin projects\synth uno\pluginobjects\fxobjects.h(1131): warning C4018: '>=': signed/unsigned mismatch
c:\plugin projects\synth uno\pluginobjects\fxobjects.h(2789): warning C4244: '=': conversion from 'double' to 'float', possible loss of data
c:\plugin projects\synth uno\pluginobjects\fxobjects.h(2840): warning C4244: '=': conversion from 'double' to 'float', possible loss of data
c:\plugin projects\synth uno\pluginobjects\fxobjects.h(2843): warning C4244: '=': conversion from 'double' to 'float', possible loss of data
c:\plugin projects\synth uno\pluginobjects\fxobjects.h(2996): warning C4244: 'argument': conversion from 'time_t' to 'unsigned int', possible loss of data
c:\plugin projects\synth uno\pluginobjects\fxobjects.h(3354): warning C4244: 'initializing': conversion from 'double' to 'float', possible loss of data
c:\plugin projects\synth uno\pluginobjects\fxobjects.h(4891): warning C4244: '=': conversion from 'double' to 'float', possible loss of data
c:\plugin projects\synth uno\pluginobjects\fxobjects.h(4894): warning C4244: '=': conversion from 'double' to 'float', possible loss of data
c:\plugin projects\synth uno\pluginobjects\fxobjects.h(4895): warning C4244: '=': conversion from 'double' to 'float', possible loss of data
c:\plugin projects\synth uno\pluginobjects\fxobjects.h(8713): warning C4018: '<': signed/unsigned mismatch
c:\plugin projects\synth uno\pluginobjects\fxobjects.h(8717): warning C4018: '<=': signed/unsigned mismatch
c:\plugin projects\synth uno\pluginobjects\synthdefs.h(117): warning C4244: 'initializing': conversion from 'double' to 'float', possible loss of data
c:\plugin projects\synth uno\pluginobjects\synthdefs.h(353): warning C4244: '=': conversion from 'double' to 'unsigned int', possible loss of data
c:\plugin projects\synth uno\pluginobjects\synthdefs.h(354): warning C4244: '=': conversion from 'double' to 'unsigned int', possible loss of data
c:\plugin projects\synth uno\pluginobjects\synthdefs.h(365): warning C4244: '=': conversion from 'double' to 'unsigned int', possible loss of data
c:\plugin projects\synth uno\pluginobjects\synthdefs.h(366): warning C4244: '=': conversion from 'double' to 'unsigned int', possible loss of data
c:\plugin projects\synth uno\pluginobjects\synthdefs.h(377): warning C4244: '=': conversion from 'double' to 'int', possible loss of data
c:\plugin projects\synth uno\pluginobjects\synthdefs.h(378): warning C4244: '=': conversion from 'double' to 'int', possible loss of data
c:\plugin projects\synth uno\pluginobjects\synthdefs.h(407): warning C4244: '=': conversion from 'double' to 'int', possible loss of data
c:\plugin projects\synth uno\pluginobjects\synthdefs.h(408): warning C4244: '=': conversion from 'double' to 'int', possible loss of data
c:\plugin projects\synth uno\pluginobjects\synthdefs.h(427): warning C4244: '=': conversion from 'double' to 'unsigned int', possible loss of data
c:\plugin projects\synth uno\pluginobjects\synthdefs.h(428): warning C4244: '=': conversion from 'double' to 'unsigned int', possible loss of data
c:\plugin projects\synth uno\pluginobjects\synthdefs.h(469): warning C4244: '=': conversion from 'double' to 'unsigned int', possible loss of data
c:\plugin projects\synth uno\pluginobjects\synthdefs.h(470): warning C4244: '=': conversion from 'double' to 'unsigned int', possible loss of data
c:\plugin projects\synth uno\pluginobjects\synthdefs.h(867): warning C4244: '=': conversion from 'double' to 'uint32_t', possible loss of data
c:\plugin projects\synth uno\pluginobjects\synthdefs.h(875): warning C4244: '=': conversion from 'double' to 'uint32_t', possible loss of data
c:\plugin projects\synth uno\pluginobjects\wavetableoscillator.h(142): warning C4018: '>': signed/unsigned mismatch
c:\plugin projects\synth uno\pluginobjects\synthlfo.h(55): warning C4244: 'argument': conversion from 'time_t' to 'unsigned int', possible loss of data
c:\plugin projects\synth uno\pluginobjects\dca_eg.h(110): warning C4114: same type qualifier used more than once
c:\plugin projects\synth uno\pluginobjects\trace.h(20): warning C4996: '_vsnprintf': This function or variable may be unsafe. Consider using _vsnprintf_s instead. To disable deprecation, use _CRT_SECURE_NO_WARNINGS. See online help for details.
  c:\program files (x86)\windows kits\10\include\10.0.17763.0\ucrt\stdio.h(1400): note: see declaration of '_vsnprintf'
c:\plugin projects\synth uno\pluginobjects\synthcore.cpp(16): warning C4390: ';': empty controlled statement found; is this the intent?
c:\plugin projects\synth uno\pluginobjects\synthcore.cpp(19): warning C4390: ';': empty controlled statement found; is this the intent?
  fxobjects.cpp
c:\plugin projects\synth uno\pluginobjects\fxobjects.h(333): warning C4244: '=': conversion from 'double' to 'float', possible loss of data
c:\plugin projects\synth uno\pluginobjects\fxobjects.h(650): warning C4244: '=': conversion from 'double' to 'int', possible loss of data
c:\plugin projects\synth uno\pluginobjects\fxobjects.h(651): warning C4244: '=': conversion from 'double' to 'int', possible loss of data
c:\plugin projects\synth uno\pluginobjects\fxobjects.h(742): warning C4018: '<=': signed/unsigned mismatch
c:\plugin projects\synth uno\pluginobjects\fxobjects.h(744): warning C4018: '>': signed/unsigned mismatch
c:\plugin projects\synth uno\pluginobjects\fxobjects.h(744): warning C4018: '<': signed/unsigned mismatch
c:\plugin projects\synth uno\pluginobjects\fxobjects.h(757): warning C4018: '>=': signed/unsigned mismatch
c:\plugin projects\synth uno\pluginobjects\fxobjects.h(759): warning C4018: '>': signed/unsigned mismatch
c:\plugin projects\synth uno\pluginobjects\fxobjects.h(759): warning C4018: '<': signed/unsigned mismatch
c:\plugin projects\synth uno\pluginobjects\fxobjects.h(772): warning C4018: '>=': signed/unsigned mismatch
c:\plugin projects\synth uno\pluginobjects\fxobjects.h(772): warning C4018: '<=': signed/unsigned mismatch
c:\plugin projects\synth uno\pluginobjects\fxobjects.h(774): warning C4018: '>': signed/unsigned mismatch
c:\plugin projects\synth uno\pluginobjects\fxobjects.h(774): warning C4018: '<': signed/unsigned mismatch
c:\plugin projects\synth uno\pluginobjects\fxobjects.h(776): warning C4018: '>': signed/unsigned mismatch
c:\plugin projects\synth uno\pluginobjects\fxobjects.h(776): warning C4018: '<': signed/unsigned mismatch
c:\plugin projects\synth uno\pluginobjects\fxobjects.h(1089): warning C4018: '<': signed/unsigned mismatch
c:\plugin projects\synth uno\pluginobjects\fxobjects.h(1111): warning C4018: '>=': signed/unsigned mismatch
c:\plugin projects\synth uno\pluginobjects\fxobjects.h(1131): warning C4018: '>=': signed/unsigned mismatch
c:\plugin projects\synth uno\pluginobjects\fxobjects.h(2789): warning C4244: '=': conversion from 'double' to 'float', possible loss of data
c:\plugin projects\synth uno\pluginobjects\fxobjects.h(2840): warning C4244: '=': conversion from 'double' to 'float', possible loss of data
c:\plugin projects\synth uno\pluginobjects\fxobjects.h(2843): warning C4244: '=': conversion from 'double' to 'float', possible loss of data
c:\plugin projects\synth uno\pluginobjects\fxobjects.h(2996): warning C4244: 'argument': conversion from 'time_t' to 'unsigned int', possible loss of data
c:\plugin projects\synth uno\pluginobjects\fxobjects.h(3354): warning C4244: 'initializing': conversion from 'double' to 'float', possible loss of data
c:\plugin projects\synth uno\pluginobjects\fxobjects.h(4891): warning C4244: '=': conversion from 'double' to 'float', possible loss of data
c:\plugin projects\synth uno\pluginobjects\fxobjects.h(4894): warning C4244: '=': conversion from 'double' to 'float', possible loss of data
c:\plugin projects\synth uno\pluginobjects\fxobjects.h(4895): warning C4244: '=': conversion from 'double' to 'float', possible loss of data
c:\plugin projects\synth uno\pluginobjects\fxobjects.h(8713): warning C4018: '<': signed/unsigned mismatch
c:\plugin projects\synth uno\pluginobjects\fxobjects.h(8717): warning C4018: '<=': signed/unsigned mismatch
  dca_eg.cpp
c:\plugin projects\synth uno\pluginobjects\fxobjects.h(333): warning C4244: '=': conversion from 'double' to 'float', possible loss of data
c:\plugin projects\synth uno\pluginobjects\fxobjects.h(650): warning C4244: '=': conversion from 'double' to 'int', possible loss of data
c:\plugin projects\synth uno\pluginobjects\fxobjects.h(651): warning C4244: '=': conversion from 'double' to 'int', possible loss of data
c:\plugin projects\synth uno\pluginobjects\fxobjects.h(742): warning C4018: '<=': signed/unsigned mismatch
c:\plugin projects\synth uno\pluginobjects\fxobjects.h(744): warning C4018: '>': signed/unsigned mismatch
c:\plugin projects\synth uno\pluginobjects\fxobjects.h(744): warning C4018: '<': signed/unsigned mismatch
c:\plugin projects\synth uno\pluginobjects\fxobjects.h(757): warning C4018: '>=': signed/unsigned mismatch
c:\plugin projects\synth uno\pluginobjects\fxobjects.h(759): warning C4018: '>': signed/unsigned mismatch
c:\plugin projects\synth uno\pluginobjects\fxobjects.h(759): warning C4018: '<': signed/unsigned mismatch
c:\plugin projects\synth uno\pluginobjects\fxobjects.h(772): warning C4018: '>=': signed/unsigned mismatch
c:\plugin projects\synth uno\pluginobjects\fxobjects.h(772): warning C4018: '<=': signed/unsigned mismatch
c:\plugin projects\synth uno\pluginobjects\fxobjects.h(774): warning C4018: '>': signed/unsigned mismatch
c:\plugin projects\synth uno\pluginobjects\fxobjects.h(774): warning C4018: '<': signed/unsigned mismatch
c:\plugin projects\synth uno\pluginobjects\fxobjects.h(776): warning C4018: '>': signed/unsigned mismatch
c:\plugin projects\synth uno\pluginobjects\fxobjects.h(776): warning C4018: '<': signed/unsigned mismatch
c:\plugin projects\synth uno\pluginobjects\fxobjects.h(1089): warning C4018: '<': signed/unsigned mismatch
c:\plugin projects\synth uno\pluginobjects\fxobjects.h(1111): warning C4018: '>=': signed/unsigned mismatch
c:\plugin projects\synth uno\pluginobjects\fxobjects.h(1131): warning C4018: '>=': signed/unsigned mismatch
c:\plugin projects\synth uno\pluginobjects\fxobjects.h(2789): warning C4244: '=': conversion from 'double' to 'float', possible loss of data
c:\plugin projects\synth uno\pluginobjects\fxobjects.h(2840): warning C4244: '=': conversion from 'double' to 'float', possible loss of data
c:\plugin projects\synth uno\pluginobjects\fxobjects.h(2843): warning C4244: '=': conversion from 'double' to 'float', possible loss of data
c:\plugin projects\synth uno\pluginobjects\fxobjects.h(2996): warning C4244: 'argument': conversion from 'time_t' to 'unsigned int', possible loss of data
c:\plugin projects\synth uno\pluginobjects\fxobjects.h(3354): warning C4244: 'initializing': conversion from 'double' to 'float', possible loss of data
c:\plugin projects\synth uno\pluginobjects\fxobjects.h(4891): warning C4244: '=': conversion from 'double' to 'float', possible loss of data
c:\plugin projects\synth uno\pluginobjects\fxobjects.h(4894): warning C4244: '=': conversion from 'double' to 'float', possible loss of data
c:\plugin projects\synth uno\pluginobjects\fxobjects.h(4895): warning C4244: '=': conversion from 'double' to 'float', possible loss of data
c:\plugin projects\synth uno\pluginobjects\fxobjects.h(8713): warning C4018: '<': signed/unsigned mismatch
c:\plugin projects\synth uno\pluginobjects\fxobjects.h(8717): warning C4018: '<=': signed/unsigned mismatch
c:\plugin projects\synth uno\pluginobjects\synthdefs.h(117): warning C4244: 'initializing': conversion from 'double' to 'float', possible loss of data
c:\plugin projects\synth uno\pluginobjects\synthdefs.h(353): warning C4244: '=': conversion from 'double' to 'unsigned int', possible loss of data
c:\plugin projects\synth uno\pluginobjects\synthdefs.h(354): warning C4244: '=': conversion from 'double' to 'unsigned int', possible loss of data
c:\plugin projects\synth uno\pluginobjects\synthdefs.h(365): warning C4244: '=': conversion from 'double' to 'unsigned int', possible loss of data
c:\plugin projects\synth uno\pluginobjects\synthdefs.h(366): warning C4244: '=': conversion from 'double' to 'unsigned int', possible loss of data
c:\plugin projects\synth uno\pluginobjects\synthdefs.h(377): warning C4244: '=': conversion from 'double' to 'int', possible loss of data
c:\plugin projects\synth uno\pluginobjects\synthdefs.h(378): warning C4244: '=': conversion from 'double' to 'int', possible loss of data
c:\plugin projects\synth uno\pluginobjects\synthdefs.h(407): warning C4244: '=': conversion from 'double' to 'int', possible loss of data
c:\plugin projects\synth uno\pluginobjects\synthdefs.h(408): warning C4244: '=': conversion from 'double' to 'int', possible loss of data
c:\plugin projects\synth uno\pluginobjects\synthdefs.h(427): warning C4244: '=': conversion from 'double' to 'unsigned int', possible loss of data
c:\plugin projects\synth uno\pluginobjects\synthdefs.h(428): warning C4244: '=': conversion from 'double' to 'unsigned int', possible loss of data
c:\plugin projects\synth uno\pluginobjects\synthdefs.h(469): warning C4244: '=': conversion from 'double' to 'unsigned int', possible loss of data
c:\plugin projects\synth uno\pluginobjects\synthdefs.h(470): warning C4244: '=': conversion from 'double' to 'unsigned int', possible loss of data
c:\plugin projects\synth uno\pluginobjects\synthdefs.h(867): warning C4244: '=': conversion from 'double' to 'uint32_t', possible loss of data
c:\plugin projects\synth uno\pluginobjects\synthdefs.h(875): warning C4244: '=': conversion from 'double' to 'uint32_t', possible loss of data
c:\plugin projects\synth uno\pluginobjects\dca_eg.h(110): warning C4114: same type qualifier used more than once
c:\plugin projects\synth uno\pluginobjects\dca_eg.cpp(182): warning C4244: 'argument': conversion from 'double' to 'uint32_t', possible loss of data
c:\plugin projects\synth uno\pluginobjects\dca_eg.cpp(185): warning C4244: 'argument': conversion from 'double' to 'uint32_t', possible loss of data
c:\plugin projects\synth uno\pluginobjects\dca_eg.cpp(188): warning C4244: 'argument': conversion from 'double' to 'uint32_t', possible loss of data
  pluginparameter.cpp
  plugingui.cpp
c:\plugin projects\synth uno\pluginkernel\plugingui.cpp(1570): warning C4244: '=': conversion from 'double' to 'float', possible loss of data
  plugincore.cpp
c:\plugin projects\synth uno\pluginobjects\fxobjects.h(333): warning C4244: '=': conversion from 'double' to 'float', possible loss of data
c:\plugin projects\synth uno\pluginobjects\fxobjects.h(650): warning C4244: '=': conversion from 'double' to 'int', possible loss of data
c:\plugin projects\synth uno\pluginobjects\fxobjects.h(651): warning C4244: '=': conversion from 'double' to 'int', possible loss of data
c:\plugin projects\synth uno\pluginobjects\fxobjects.h(742): warning C4018: '<=': signed/unsigned mismatch
c:\plugin projects\synth uno\pluginobjects\fxobjects.h(744): warning C4018: '>': signed/unsigned mismatch
c:\plugin projects\synth uno\pluginobjects\fxobjects.h(744): warning C4018: '<': signed/unsigned mismatch
c:\plugin projects\synth uno\pluginobjects\fxobjects.h(757): warning C4018: '>=': signed/unsigned mismatch
c:\plugin projects\synth uno\pluginobjects\fxobjects.h(759): warning C4018: '>': signed/unsigned mismatch
c:\plugin projects\synth uno\pluginobjects\fxobjects.h(759): warning C4018: '<': signed/unsigned mismatch
c:\plugin projects\synth uno\pluginobjects\fxobjects.h(772): warning C4018: '>=': signed/unsigned mismatch
c:\plugin projects\synth uno\pluginobjects\fxobjects.h(772): warning C4018: '<=': signed/unsigned mismatch
c:\plugin projects\synth uno\pluginobjects\fxobjects.h(774): warning C4018: '>': signed/unsigned mismatch
c:\plugin projects\synth uno\pluginobjects\fxobjects.h(774): warning C4018: '<': signed/unsigned mismatch
c:\plugin projects\synth uno\pluginobjects\fxobjects.h(776): warning C4018: '>': signed/unsigned mismatch
c:\plugin projects\synth uno\pluginobjects\fxobjects.h(776): warning C4018: '<': signed/unsigned mismatch
c:\plugin projects\synth uno\pluginobjects\fxobjects.h(1089): warning C4018: '<': signed/unsigned mismatch
c:\plugin projects\synth uno\pluginobjects\fxobjects.h(1111): warning C4018: '>=': signed/unsigned mismatch
c:\plugin projects\synth uno\pluginobjects\fxobjects.h(1131): warning C4018: '>=': signed/unsigned mismatch
c:\plugin projects\synth uno\pluginobjects\fxobjects.h(2789): warning C4244: '=': conversion from 'double' to 'float', possible loss of data
c:\plugin projects\synth uno\pluginobjects\fxobjects.h(2840): warning C4244: '=': conversion from 'double' to 'float', possible loss of data
c:\plugin projects\synth uno\pluginobjects\fxobjects.h(2843): warning C4244: '=': conversion from 'double' to 'float', possible loss of data
c:\plugin projects\synth uno\pluginobjects\fxobjects.h(2996): warning C4244: 'argument': conversion from 'time_t' to 'unsigned int', possible loss of data
c:\plugin projects\synth uno\pluginobjects\fxobjects.h(3354): warning C4244: 'initializing': conversion from 'double' to 'float', possible loss of data
c:\plugin projects\synth uno\pluginobjects\fxobjects.h(4891): warning C4244: '=': conversion from 'double' to 'float', possible loss of data
c:\plugin projects\synth uno\pluginobjects\fxobjects.h(4894): warning C4244: '=': conversion from 'double' to 'float', possible loss of data
c:\plugin projects\synth uno\pluginobjects\fxobjects.h(4895): warning C4244: '=': conversion from 'double' to 'float', possible loss of data
c:\plugin projects\synth uno\pluginobjects\fxobjects.h(8713): warning C4018: '<': signed/unsigned mismatch
c:\plugin projects\synth uno\pluginobjects\fxobjects.h(8717): warning C4018: '<=': signed/unsigned mismatch
c:\plugin projects\synth uno\pluginobjects\synthdefs.h(117): warning C4244: 'initializing': conversion from 'double' to 'float', possible loss of data
c:\plugin projects\synth uno\pluginobjects\synthdefs.h(353): warning C4244: '=': conversion from 'double' to 'unsigned int', possible loss of data
c:\plugin projects\synth uno\pluginobjects\synthdefs.h(354): warning C4244: '=': conversion from 'double' to 'unsigned int', possible loss of data
c:\plugin projects\synth uno\pluginobjects\synthdefs.h(365): warning C4244: '=': conversion from 'double' to 'unsigned int', possible loss of data
c:\plugin projects\synth uno\pluginobjects\synthdefs.h(366): warning C4244: '=': conversion from 'double' to 'unsigned int', possible loss of data
c:\plugin projects\synth uno\pluginobjects\synthdefs.h(377): warning C4244: '=': conversion from 'double' to 'int', possible loss of data
c:\plugin projects\synth uno\pluginobjects\synthdefs.h(378): warning C4244: '=': conversion from 'double' to 'int', possible loss of data
c:\plugin projects\synth uno\pluginobjects\synthdefs.h(407): warning C4244: '=': conversion from 'double' to 'int', possible loss of data
c:\plugin projects\synth uno\pluginobjects\synthdefs.h(408): warning C4244: '=': conversion from 'double' to 'int', possible loss of data
c:\plugin projects\synth uno\pluginobjects\synthdefs.h(427): warning C4244: '=': conversion from 'double' to 'unsigned int', possible loss of data
c:\plugin projects\synth uno\pluginobjects\synthdefs.h(428): warning C4244: '=': conversion from 'double' to 'unsigned int', possible loss of data
c:\plugin projects\synth uno\pluginobjects\synthdefs.h(469): warning C4244: '=': conversion from 'double' to 'unsigned int', possible loss of data
c:\plugin projects\synth uno\pluginobjects\synthdefs.h(470): warning C4244: '=': conversion from 'double' to 'unsigned int', possible loss of data
c:\plugin projects\synth uno\pluginobjects\synthdefs.h(867): warning C4244: '=': conversion from 'double' to 'uint32_t', possible loss of data
c:\plugin projects\synth uno\pluginobjects\synthdefs.h(875): warning C4244: '=': conversion from 'double' to 'uint32_t', possible loss of data
c:\plugin projects\synth uno\pluginobjects\wavetableoscillator.h(142): warning C4018: '>': signed/unsigned mismatch
c:\plugin projects\synth uno\pluginobjects\synthlfo.h(55): warning C4244: 'argument': conversion from 'time_t' to 'unsigned int', possible loss of data
c:\plugin projects\synth uno\pluginobjects\dca_eg.h(110): warning C4114: same type qualifier used more than once
c:\plugin projects\synth uno\pluginkernel\plugincore.cpp(186): warning C4244: '=': conversion from 'const double' to 'float', possible loss of data
c:\plugin projects\synth uno\pluginkernel\plugincore.cpp(190): warning C4244: '=': conversion from 'const double' to 'float', possible loss of data
  pluginbase.cpp
  customviews.cpp
c:\plugin projects\synth uno\customcontrols\customviews.cpp(80): warning C4244: 'argument': conversion from 'double' to 'float', possible loss of data
c:\plugin projects\synth uno\customcontrols\customviews.cpp(475): warning C4244: 'argument': conversion from 'double' to 'float', possible loss of data
  customcontrols.cpp
c:\plugin projects\synth uno\customcontrols\customcontrols.cpp(440): warning C4996: 'VSTGUI::CSlider::getMode': was declared deprecated
  c:\plugin projects\vstgui4\vstgui\lib\controls\cslider.h(50): note: see declaration of 'VSTGUI::CSlider::getMode'
c:\plugin projects\synth uno\customcontrols\customcontrols.cpp(441): warning C4996: 'VSTGUI::CSlider::getMode': was declared deprecated
  c:\plugin projects\vstgui4\vstgui\lib\controls\cslider.h(50): note: see declaration of 'VSTGUI::CSlider::getMode'
c:\plugin projects\synth uno\customcontrols\customcontrols.cpp(447): warning C4996: 'VSTGUI::CSlider::getMode': was declared deprecated
  c:\plugin projects\vstgui4\vstgui\lib\controls\cslider.h(50): note: see declaration of 'VSTGUI::CSlider::getMode'
c:\plugin projects\synth uno\customcontrols\customcontrols.cpp(585): warning C4996: 'VSTGUI::CSlider::getMode': was declared deprecated
  c:\plugin projects\vstgui4\vstgui\lib\controls\cslider.h(50): note: see declaration of 'VSTGUI::CSlider::getMode'
c:\plugin projects\synth uno\customcontrols\customcontrols.cpp(586): warning C4996: 'VSTGUI::CSlider::getMode': was declared deprecated
  c:\plugin projects\vstgui4\vstgui\lib\controls\cslider.h(50): note: see declaration of 'VSTGUI::CSlider::getMode'
c:\plugin projects\synth uno\customcontrols\customcontrols.cpp(592): warning C4996: 'VSTGUI::CSlider::getMode': was declared deprecated
  c:\plugin projects\vstgui4\vstgui\lib\controls\cslider.h(50): note: see declaration of 'VSTGUI::CSlider::getMode'
  vstgui_win32.cpp
c:\plugin projects\vstgui4\vstgui\lib\controls\ccontrol.cpp(97): warning C4996: 'VSTGUI::CControl::kMessageBeginEdit': was declared deprecated
  c:\plugin projects\vstgui4\vstgui\lib\controls\ccontrol.h(114): note: see declaration of 'VSTGUI::CControl::kMessageBeginEdit'
c:\plugin projects\vstgui4\vstgui\lib\controls\ccontrol.cpp(120): warning C4996: 'VSTGUI::CControl::kMessageEndEdit': was declared deprecated
  c:\plugin projects\vstgui4\vstgui\lib\controls\ccontrol.h(115): note: see declaration of 'VSTGUI::CControl::kMessageEndEdit'
c:\plugin projects\vstgui4\vstgui\lib\controls\ccontrol.cpp(139): warning C4996: 'VSTGUI::CControl::kMessageValueChanged': was declared deprecated
  c:\plugin projects\vstgui4\vstgui\lib\controls\ccontrol.h(113): note: see declaration of 'VSTGUI::CControl::kMessageValueChanged'
c:\plugin projects\vstgui4\vstgui\lib\controls\ccontrol.cpp(167): warning C4996: 'VSTGUI::CControl::kMessageValueChanged': was declared deprecated
  c:\plugin projects\vstgui4\vstgui\lib\controls\ccontrol.h(113): note: see declaration of 'VSTGUI::CControl::kMessageValueChanged'
c:\plugin projects\vstgui4\vstgui\lib\controls\coptionmenu.cpp(281): warning C4996: 'VSTGUI::CCommandMenuItem::kMsgMenuItemSelected': was declared deprecated
  c:\plugin projects\vstgui4\vstgui\lib\controls\coptionmenu.h(212): note: see declaration of 'VSTGUI::CCommandMenuItem::kMsgMenuItemSelected'
c:\plugin projects\vstgui4\vstgui\lib\controls\coptionmenu.cpp(296): warning C4996: 'VSTGUI::CCommandMenuItem::kMsgMenuItemValidate': was declared deprecated
  c:\plugin projects\vstgui4\vstgui\lib\controls\coptionmenu.h(208): note: see declaration of 'VSTGUI::CCommandMenuItem::kMsgMenuItemValidate'
c:\plugin projects\vstgui4\vstgui\lib\controls\coptionmenu.cpp(446): warning C4996: 'VSTGUI::COptionMenu::kMsgBeforePopup': was declared deprecated
  c:\plugin projects\vstgui4\vstgui\lib\controls\coptionmenu.h(345): note: see declaration of 'VSTGUI::COptionMenu::kMsgBeforePopup'
c:\plugin projects\vstgui4\vstgui\lib\controls\ctextlabel.cpp(96): warning C4996: 'VSTGUI::CTextLabel::kMsgTruncatedTextChanged': was declared deprecated
  c:\plugin projects\vstgui4\vstgui\lib\controls\ctextlabel.h(57): note: see declaration of 'VSTGUI::CTextLabel::kMsgTruncatedTextChanged'
  vstgui_uidescription_win32.cpp
c:\plugin projects\vstgui4\vstgui\uidescription\uiviewcreator.cpp(2411): warning C4018: '<': signed/unsigned mismatch
c:\plugin projects\vstgui4\vstgui\uidescription\editing\uigradientscontroller.cpp(416): warning C4244: 'argument': conversion from 'double' to 'float', possible loss of data
  Generating Code...
     Creating library C:\PLUGIN PROJECTS\Synth Uno\RAFX2 WinBuild\\build\Synth Uno.lib and object C:\PLUGIN PROJECTS\Synth Uno\RAFX2 WinBuild\\build\Synth Uno.exp
  Synth Uno.vcxproj -> C:\Users\Aaron\AppData\Roaming\RackAFX 7.0\PlugIns\Synth Uno.rafx2
